<?xml version="1.0" encoding="UTF-8"?>
<!-- Generated by org.testng.reporters.JUnitReportReporter -->
<testsuite hostname="LAPTOP-ADT77JS1" failures="0" tests="2" name="ru.itis.tests.AuthorizationTest" time="6.153" errors="0" timestamp="1 Jul 2021 16:49:41 GMT">
  <testcase classname="ru.itis.tests.AuthorizationTest" name="authorization" time="2.953"/>
  <testcase classname="ru.itis.tests.AuthorizationTest" name="authorization" time="3.200"/>
</testsuite> <!-- ru.itis.tests.AuthorizationTest -->
