<?xml version="1.0" encoding="UTF-8"?>
<!-- Generated by org.testng.reporters.JUnitReportReporter -->
<testsuite hostname="LAPTOP-ADT77JS1" failures="0" tests="4" name="ru.itis.tests.AuthorizationTest" time="17.014" errors="0" timestamp="25 Jun 2021 15:59:53 GMT">
  <testcase classname="ru.itis.tests.AuthorizationTest" name="authorizationStudent" time="0.754"/>
  <testcase classname="ru.itis.tests.AuthorizationTest" name="authorization" time="6.826"/>
  <testcase classname="ru.itis.tests.AuthorizationTest" name="authorization" time="7.842"/>
  <testcase classname="ru.itis.tests.AuthorizationTest" name="authorizationStudent" time="1.592"/>
</testsuite> <!-- ru.itis.tests.AuthorizationTest -->
