<?xml version="1.0" encoding="UTF-8"?>
<!-- Generated by org.testng.reporters.JUnitReportReporter -->
<testsuite hostname="LAPTOP-ADT77JS1" failures="0" tests="4" name="ru.itis.Tests.AuthorizationTest" time="20.316" errors="0" timestamp="22 Jun 2021 17:48:30 GMT">
  <testcase classname="ru.itis.Tests.AuthorizationTest" name="authorization" time="7.588"/>
  <testcase classname="ru.itis.Tests.AuthorizationTest" name="authorization" time="10.423"/>
  <testcase classname="ru.itis.Tests.AuthorizationTest" name="authorizationStudent" time="1.554"/>
  <testcase classname="ru.itis.Tests.AuthorizationTest" name="authorizationStudent" time="0.751"/>
</testsuite> <!-- ru.itis.Tests.AuthorizationTest -->
