<?xml version="1.0" encoding="UTF-8"?>
<!-- Generated by org.testng.reporters.JUnitReportReporter -->
<testsuite hostname="LAPTOP-ADT77JS1" failures="0" tests="2" name="ru.itis.Tests.AuthorizationTest" time="11.345" errors="0" timestamp="22 Jun 2021 16:49:01 GMT">
  <testcase classname="ru.itis.Tests.AuthorizationTest" name="authorizationStudent" time="5.366"/>
  <testcase classname="ru.itis.Tests.AuthorizationTest" name="authorization" time="5.979"/>
</testsuite> <!-- ru.itis.Tests.AuthorizationTest -->
