<?xml version="1.0" encoding="UTF-8"?>
<!-- Generated by org.testng.reporters.JUnitReportReporter -->
<testsuite hostname="LAPTOP-ADT77JS1" failures="0" tests="2" name="ru.itis.tests.AuthorizationTest" time="13.502" errors="0" timestamp="25 Jun 2021 20:41:03 GMT">
  <testcase classname="ru.itis.tests.AuthorizationTest" name="authorization" time="6.058"/>
  <testcase classname="ru.itis.tests.AuthorizationTest" name="authorization" time="7.444"/>
</testsuite> <!-- ru.itis.tests.AuthorizationTest -->
